make all --print-data-base --no-builtin-variables --no-builtin-rules --question
# GNU Make 4.2.1
# Built for x86_64-pc-linux-gnu
# Copyright (C) 1988-2016 Free Software Foundation, Inc.
# License GPLv3+: GNU GPL version 3 or later <http://gnu.org/licenses/gpl.html>
# This is free software: you are free to change and redistribute it.
# There is NO WARRANTY, to the extent permitted by law.

# Make data base, printed on Wed Apr 28 10:30:35 2021

# Variables

 
# automatic
<D = $(patsubst %/,%,$(dir $<))
# automatic
?F = $(notdir $?)
# environment
DESKTOP_SESSION = cinnamon
# default
.SHELLFLAGS := -c
# makefile (from 'Makefile', line 16)
OBJ := ./build/src/model/phys/body.o ./build/src/model/phys/vec2.o ./build/src/model/world/world.o ./build/src/controller/input.o ./build/src/main.o ./build/src/view/view.o ./build/src/view/tilemap.o
# environment
XDG_SESSION_CLASS = user
# environment
XDG_SESSION_TYPE = x11
# environment
VSCODE_LOG_NATIVE = false
# environment
GTK3_MODULES = xapp-gtk3-module
# automatic
?D = $(patsubst %/,%,$(dir $?))
# automatic
@D = $(patsubst %/,%,$(dir $@))
# environment
XAUTHORITY = /home/sam/.Xauthority
# environment
GDMSESSION = cinnamon
# default
MAKE_VERSION := 4.2.1
# makefile
CURDIR := /home/sam/wax2d
# makefile (from 'Makefile', line 1)
SHELL := /bin/zsh
# makefile (from 'Makefile', line 8)
BIN := main
# environment
GDM_LANG = en_NZ
# environment
VSCODE_NLS_CONFIG = {"locale":"en-gb","availableLanguages":{},"_languagePackSupport":true}
# environment
_ = /usr/share/codium/codium
# makefile (from 'Makefile', line 4)
CFLAGS := -g -std=gnu11 -Wall -Wextra -Wpedantic -I ./src
# environment
XDG_CONFIG_DIRS = /etc/xdg/xdg-cinnamon:/etc/xdg
# environment
GTK_OVERLAY_SCROLLING = 1
# makefile (from 'build/src/view/tilemap.d', line 1)
MAKEFILE_LIST :=  Makefile build/src/model/phys/body.d build/src/model/phys/vec2.d build/src/model/world/world.d build/src/controller/input.d build/src/main.d build/src/view/view.d build/src/view/tilemap.d
# automatic
@F = $(notdir $@)
# environment
GIO_LAUNCHED_DESKTOP_FILE = /usr/share/applications/codium.desktop
# 'override' directive
GNUMAKEFLAGS := 
# environment
MANDATORY_PATH = /usr/share/gconf/cinnamon.mandatory.path
# environment
XDG_DATA_DIRS = /usr/share/cinnamon:/usr/share/gnome:/home/sam/.local/share/flatpak/exports/share:/var/lib/flatpak/exports/share:/usr/local/share:/usr/share
# environment
DBUS_SESSION_BUS_ADDRESS = unix:path=/run/user/1000/bus
# environment
VSCODE_VERBOSE_LOGGING = true
# environment
P9K_SSH = 0
# environment
VSCODE_IPC_HOOK_EXTHOST = /run/user/1000/vscode-ipc-660f5ae3-ad7c-4a9a-9ead-3fb0fad42327.sock
# environment
VSCODE_CWD = /home/sam
# environment
XDG_SESSION_PATH = /org/freedesktop/DisplayManager/Session0
# default
MAKE_HOST := x86_64-pc-linux-gnu
# environment
PATH = /home/sam/.local/bin:/usr/local/sbin:/usr/local/bin:/usr/sbin:/usr/bin:/sbin:/bin:/usr/games:/usr/local/games:/snap/bin
# environment
GPG_AGENT_INFO = /run/user/1000/gnupg/S.gpg-agent:0:1
# makefile (from 'Makefile', line 18)
DEP := ./build/src/model/phys/body.d ./build/src/model/phys/vec2.d ./build/src/model/world/world.d ./build/src/controller/input.d ./build/src/main.d ./build/src/view/view.d ./build/src/view/tilemap.d
# environment
LSCOLORS = Gxfxcxdxbxegedabagacad
# environment
SESSION_MANAGER = local/Vulcan:@/tmp/.ICE-unix/1157,unix/Vulcan:/tmp/.ICE-unix/1157
# environment
XDG_RUNTIME_DIR = /run/user/1000
# environment
VSCODE_LOG_STACK = false
# environment
VSCODE_CRASH_REPORTER_START_OPTIONS = {"companyName":"Microsoft","productName":"VSCodium","submitURL":"","uploadToServer":false}
# default
.FEATURES := target-specific order-only second-expansion else-if shortest-stem undefine oneshell archives jobserver output-sync check-symlink load
# environment
XDG_GREETER_DATA_DIR = /var/lib/lightdm-data/sam
# environment
LS_COLORS = 
# environment
INSIDE_NEMO_PYTHON = 
# environment
XDG_SESSION_DESKTOP = cinnamon
# environment
SSH_AUTH_SOCK = /run/user/1000/keyring/ssh
# environment
GIO_LAUNCHED_DESKTOP_FILE_PID = 280685
# automatic
%F = $(notdir $%)
# environment
DISPLAY = :0
# environment
VSCODE_PIPE_LOGGING = true
# environment
PWD = /home/sam/wax2d
# environment
QT_QPA_PLATFORMTHEME = qt5ct
# default
.LOADED := 
# environment
XDG_SEAT = seat0
# environment
SSH_AGENT_PID = 1227
# environment
ORIGINAL_XDG_CURRENT_DESKTOP = X-Cinnamon
# environment
GTK_MODULES = gail:atk-bridge
# environment
VSCODE_AMD_ENTRYPOINT = vs/workbench/services/extensions/node/extensionHostProcess
# environment
HOME = /home/sam
# environment
LOGNAME = sam
# environment
APPLICATION_INSIGHTS_NO_DIAGNOSTIC_CHANNEL = true
# environment
ZSH = /home/sam/.oh-my-zsh
# environment
VSCODE_HANDLES_UNCAUGHT_ERRORS = true
# environment
GNOME_DESKTOP_SESSION_ID = this-is-deprecated
# automatic
^D = $(patsubst %/,%,$(dir $^))
# environment
XDG_VTNR = 7
# environment
MAKELEVEL := 0
# default
MAKE = $(MAKE_COMMAND)
# default
MAKECMDGOALS := all
# environment
SHLVL = 0
# makefile (from 'Makefile', line 3)
CC := gcc
# makefile (from 'Makefile', line 10)
BUILD_DIR := ./build
# makefile (from 'Makefile', line 13)
CS := src/model/phys/body.c src/model/phys/vec2.c src/model/world/world.c src/controller/input.c src/main.c src/view/view.c src/view/tilemap.c
# environment
XDG_SESSION_ID = c2
# environment
USER = sam
# makefile
.DEFAULT_GOAL := all
# environment
XDG_CURRENT_DESKTOP = X-Cinnamon
# environment
LESS = -R
# automatic
%D = $(patsubst %/,%,$(dir $%))
# default
MAKE_COMMAND := make
# environment
VSCODE_NODE_CACHED_DATA_DIR = /home/sam/.config/VSCodium/CachedData/3c4e3df9e89829dce27b7b5c24508306b151f30d
# environment
OLDPWD = /home/sam
# default
.VARIABLES := 
# automatic
*F = $(notdir $*)
# environment
LANGUAGE = en_NZ:en
# environment
XDG_SEAT_PATH = /org/freedesktop/DisplayManager/Seat0
# environment
VSCODE_IPC_HOOK = /run/user/1000/vscode-f7a0e412-1.55.2-main.sock
# makefile
MAKEFLAGS = pqrR
# environment
MFLAGS = -pqrR
# automatic
*D = $(patsubst %/,%,$(dir $*))
# environment
BREAKPAD_DUMP_LOCATION = /home/sam/.config/VSCodium/exthost Crash Reports
# automatic
+D = $(patsubst %/,%,$(dir $+))
# automatic
+F = $(notdir $+)
# environment
NO_AT_BRIDGE = 1
# environment
CINNAMON_VERSION = 4.8.6
# environment
QT_ACCESSIBILITY = 1
# environment
DEFAULTS_PATH = /usr/share/gconf/cinnamon.default.path
# 'override' directive
.SHELLSTATUS := 0
# default
MAKEFILES := 
# automatic
<F = $(notdir $<)
# environment
ELECTRON_RUN_AS_NODE = 1
# environment
PAGER = less
# environment
 
GJS_DEBUG_TOPICS = JS ERROR;JS LOG
# makefile (from 'Makefile', line 5)
CLIBS := -lm -lSDL2 -lSDL2_image
# automatic
^F = $(notdir $^)
# default
SUFFIXES := 
# environment
CHROME_DESKTOP = codium-url-handler.desktop
# default
.INCLUDE_DIRS = /usr/include /usr/local/include /usr/include
# environment
GJS_DEBUG_OUTPUT = stderr
# default
.RECIPEPREFIX := 
# environment
LANG = en_NZ.UTF-8
# environment
VSCODE_PID = 249647
# variable set hash-table stats:
# Load=116/1024=11%, Rehash=0, Collisions=11/169=7%

# Pattern-specific Variable Values

# No pattern-specific variable values.

# Directories

# src/controller (device 66307, inode 16260441): No files, no impossibilities so far.
# src/model/world (device 66307, inode 16260451): No files, no impossibilities so far.
# . (device 66307, inode 16260389): 10 files, no impossibilities.
# src/view (device 66307, inode 16260454): No files, no impossibilities so far.
# src/model/phys (device 66307, inode 16260446): No files, no impossibilities so far.
# src (device 66307, inode 16260437): No files, no impossibilities so far.

# 10 files, no impossibilities in 6 directories.

# Implicit Rules

build/%.o: %.c
#  recipe to execute (from 'Makefile', line 38):
	mkdir -p $(@D)
	# The -MMD flags additionaly creates a .d file with
	# the same name as the .o file.
	$(CC) $(CFLAGS) -MMD -c $< -o $@

# 1 implicit rules, 0 (0.0%) terminal.

# Files

# Not a target:
build/src/controller/input.d:
#  Implicit rule search has been done.
#  Last modified 2021-04-28 09:12:53.349267913
#  File has been updated.
#  Successfully updated.

# Not a target:
build/src/view/tilemap.d:
#  Implicit rule search has been done.
#  Last modified 2021-04-28 09:15:38.156728811
#  File has been updated.
#  Successfully updated.

# Not a target:
src/controller/input.c:
#  Implicit rule search has been done.
#  Last modified 2021-04-28 09:08:32.342127125
#  File has been updated.
#  Successfully updated.

# Not a target:
src/view/tilemap.c:
#  Implicit rule search has been done.
#  Last modified 2021-04-28 09:08:32.346127112
#  File has been updated.
#  Successfully updated.

build/main: build/src/model/phys/body.o build/src/model/phys/vec2.o build/src/model/world/world.o build/src/controller/input.o build/src/main.o build/src/view/view.o build/src/view/tilemap.o
#  Implicit rule search has not been done.
#  Last modified 2021-04-28 10:30:12.225415148
#  File has been updated.
#  Successfully updated.
#  recipe to execute (from 'Makefile', line 26):
	# Create build directories - same structure as sources.
	mkdir -p $(@D)
	# Just link all the object files.
	$(CC) $(CFLAGS) $^ -o $@ $(CLIBS)

all: build/main
#  Phony target (prerequisite of .PHONY).
#  Command line target.
#  Implicit rule search has not been done.
#  File does not exist.
#  File has been updated.
#  Successfully updated.

.PHONY: all clean run
#  Implicit rule search has not been done.
#  Modification time never checked.
#  File has not been updated.

# Not a target:
 
src/controller/input.h:
#  Implicit rule search has been done.
#  Last modified 2021-04-28 09:08:32.342127125
#  File has been updated.
#  Successfully updated.

# Not a target:
Makefile:
#  Implicit rule search has been done.
#  Last modified 2021-04-28 10:30:09.385421747
#  File has been updated.
#  Successfully updated.

# Not a target:
src/common.h:
#  Implicit rule search has been done.
#  Last modified 2021-04-23 15:48:07.96514
#  File has been updated.
#  Successfully updated.

build/src/controller/input.o: src/controller/input.c src/controller/input.c src/controller/input.h
#  Implicit rule search has been done.
#  Implicit/static pattern stem: 'src/controller/input'
#  Last modified 2021-04-28 09:12:53.357267887
#  File has been updated.
#  Successfully updated.
#  recipe to execute (from 'Makefile', line 38):
	mkdir -p $(@D)
	# The -MMD flags additionaly creates a .d file with
	# the same name as the .o file.
	$(CC) $(CFLAGS) -MMD -c $< -o $@

build/src/view/tilemap.o: src/view/tilemap.c src/view/tilemap.c
#  Implicit rule search has been done.
#  Implicit/static pattern stem: 'src/view/tilemap'
#  Last modified 2021-04-28 09:15:38.160728799
#  File has been updated.
#  Successfully updated.
#  recipe to execute (from 'Makefile', line 38):
	mkdir -p $(@D)
	# The -MMD flags additionaly creates a .d file with
	# the same name as the .o file.
	$(CC) $(CFLAGS) -MMD -c $< -o $@

# Not a target:
build/src/model/phys/vec2.d:
#  Implicit rule search has been done.
#  Last modified 2021-04-28 09:10:26.661749801
#  File has been updated.
#  Successfully updated.

# Not a target:
src/view/../model/phys/vec2.h:
#  Implicit rule search has been done.
#  Last modified 2021-04-28 09:08:32.346127112
#  File has been updated.
#  Successfully updated.

# Not a target:
src/model/phys/vec2.c:
#  Implicit rule search has been done.
#  Last modified 2021-04-28 09:08:32.346127112
#  File has been updated.
#  Successfully updated.

# Not a target:
build/src/view/view.d:
#  Implicit rule search has been done.
#  Last modified 2021-04-28 10:30:12.165415288
 
#  File has been updated.
#  Successfully updated.

# Not a target:
src/view/view.c:
#  Implicit rule search has been done.
#  Last modified 2021-04-28 09:08:32.346127112
#  File has been updated.
#  Successfully updated.

# Not a target:
build/src/main.d:
#  Implicit rule search has been done.
#  Last modified 2021-04-28 10:30:12.00141567
#  File has been updated.
#  Successfully updated.

# Not a target:
src/main.c:
#  Implicit rule search has been done.
#  Last modified 2021-04-28 09:08:32.342127125
#  File has been updated.
#  Successfully updated.

# Not a target:
build/src/model/phys/body.d:
#  Implicit rule search has been done.
#  Last modified 2021-04-28 09:10:26.609749973
#  File has been updated.
#  Successfully updated.

# Not a target:
src/view/../model/phys/body.h:
#  Implicit rule search has been done.
#  Last modified 2021-04-28 09:08:32.346127112
#  File has been updated.
#  Successfully updated.

# Not a target:
src/model/phys/body.c:
#  Implicit rule search has been done.
#  Last modified 2021-04-28 09:08:32.346127112
#  File has been updated.
#  Successfully updated.

# Not a target:
src/model/phys/vec2.h:
#  Implicit rule search has been done.
#  Last modified 2021-04-28 09:08:32.346127112
#  File has been updated.
#  Successfully updated.

# Not a target:
.DEFAULT:
#  Implicit rule search has not been done.
#  Modification time never checked.
#  File has not been updated.

# Not a target:
build/src/model/world/world.d:
 
#  Implicit rule search has been done.
#  Last modified 2021-04-28 10:30:11.837416051
#  File has been updated.
#  Successfully updated.

# Not a target:
src/view/view.h:
#  Implicit rule search has been done.
#  Last modified 2021-04-28 09:08:32.346127112
#  File has been updated.
#  Successfully updated.

# Not a target:
src/view/../model/world/world.h:
#  Implicit rule search has been done.
#  Last modified 2021-04-28 10:26:18.78192692
#  File has been updated.
#  Successfully updated.

# Not a target:
src/model/world/world.c:
#  Implicit rule search has been done.
#  Last modified 2021-04-28 10:26:10.665943412
#  File has been updated.
#  Successfully updated.

run: all
#  Phony target (prerequisite of .PHONY).
#  Implicit rule search has not been done.
#  File does not exist.
#  File has not been updated.
#  recipe to execute (from 'Makefile', line 51):
	./$(BUILD_DIR)/$(BIN)

clean:
#  Phony target (prerequisite of .PHONY).
#  Implicit rule search has not been done.
#  File does not exist.
#  File has not been updated.
#  recipe to execute (from 'Makefile', line 45):
	# This should remove all generated files.
	-rm $(BUILD_DIR)/$(BIN) $(OBJ) $(DEP)

# Not a target:
src/model/phys/body.h:
#  Implicit rule search has been done.
#  Last modified 2021-04-28 09:08:32.346127112
#  File has been updated.
#  Successfully updated.

build/src/model/phys/vec2.o: src/model/phys/vec2.c src/model/phys/vec2.c src/model/phys/vec2.h
#  Implicit rule search has been done.
#  Implicit/static pattern stem: 'src/model/phys/vec2'
#  Last modified 2021-04-28 09:10:26.669749776
#  File has been updated.
#  Successfully updated.
#  recipe to execute (from 'Makefile', line 38):
	mkdir -p $(@D)
 
	# The -MMD flags additionaly creates a .d file with
	# the same name as the .o file.
	$(CC) $(CFLAGS) -MMD -c $< -o $@

build/src/view/view.o: src/view/view.c src/view/view.c src/view/../model/phys/vec2.h src/view/../model/phys/body.h src/view/../model/phys/vec2.h src/view/../model/world/world.h src/common.h
#  Implicit rule search has been done.
#  Implicit/static pattern stem: 'src/view/view'
#  Last modified 2021-04-28 10:30:12.177415261
#  File has been updated.
#  Successfully updated.
#  recipe to execute (from 'Makefile', line 38):
	mkdir -p $(@D)
	# The -MMD flags additionaly creates a .d file with
	# the same name as the .o file.
	$(CC) $(CFLAGS) -MMD -c $< -o $@

build/src/main.o: src/main.c src/main.c src/model/phys/body.h src/model/phys/vec2.h src/model/phys/vec2.h src/view/view.h src/view/../model/phys/vec2.h src/view/../model/phys/body.h src/view/../model/world/world.h src/common.h src/controller/input.h
#  Implicit rule search has been done.
#  Implicit/static pattern stem: 'src/main'
#  Last modified 2021-04-28 10:30:12.009415651
#  File has been updated.
#  Successfully updated.
#  recipe to execute (from 'Makefile', line 38):
	mkdir -p $(@D)
	# The -MMD flags additionaly creates a .d file with
	# the same name as the .o file.
	$(CC) $(CFLAGS) -MMD -c $< -o $@

# Not a target:
src/model/world/world.h:
#  Implicit rule search has been done.
#  Last modified 2021-04-28 10:26:18.78192692
#  File has been updated.
#  Successfully updated.

build/src/model/phys/body.o: src/model/phys/body.c src/model/phys/body.c src/model/phys/body.h src/model/phys/vec2.h
#  Implicit rule search has been done.
#  Implicit/static pattern stem: 'src/model/phys/body'
#  Last modified 2021-04-28 09:10:26.617749946
#  File has been updated.
#  Successfully updated.
#  recipe to execute (from 'Makefile', line 38):
	mkdir -p $(@D)
	# The -MMD flags additionaly creates a .d file with
	# the same name as the .o file.
	$(CC) $(CFLAGS) -MMD -c $< -o $@

build/src/model/world/world.o: src/model/world/world.c src/model/world/world.c src/model/world/world.h src/common.h
#  Implicit rule search has been done.
#  Implicit/static pattern stem: 'src/model/world/world'
#  Last modified 2021-04-28 10:30:11.841416042
#  File has been updated.
#  Successfully updated.
#  recipe to execute (from 'Makefile', line 38):
	mkdir -p $(@D)
	# The -MMD flags additionaly creates a .d file with
 
	# the same name as the .o file.
	$(CC) $(CFLAGS) -MMD -c $< -o $@

# files hash-table stats:
# Load=38/1024=4%, Rehash=0, Collisions=0/121=0%
# VPATH Search Paths

# No 'vpath' search paths.

# No general ('VPATH' variable) search path.

# strcache buffers: 1 (0) / strings = 62 / storage = 1047 B / avg = 16 B
# current buf: size = 8162 B / used = 1047 B / count = 62 / avg = 16 B

# strcache performance: lookups = 128 / hit rate = 51%
# hash-table stats:
# Load=62/8192=1%, Rehash=0, Collisions=1/128=1%
# Finished Make data base on Wed Apr 28 10:30:35 2021

 
